c:\users\hatchjm1\documents\visual studio 2010\projects\hatchprobability\hatchprobability\debug\probability.obj
c:\users\hatchjm1\documents\visual studio 2010\projects\hatchprobability\hatchprobability\debug\vc100.pdb
c:\users\hatchjm1\documents\visual studio 2010\projects\hatchprobability\hatchprobability\debug\main.obj
c:\users\hatchjm1\documents\visual studio 2010\projects\hatchprobability\debug\hatchprobability.ilk
c:\users\hatchjm1\documents\visual studio 2010\projects\hatchprobability\debug\hatchprobability.exe
c:\users\hatchjm1\documents\visual studio 2010\projects\hatchprobability\hatchprobability\debug\hatchprobability.exe.intermediate.manifest
c:\users\hatchjm1\documents\visual studio 2010\projects\hatchprobability\debug\hatchprobability.pdb
c:\users\jessica\documents\ooprogramming\probability\hatchprobability\hatchprobability\debug\vc120.pdb
c:\users\jessica\documents\ooprogramming\probability\hatchprobability\hatchprobability\debug\vc120.idb
c:\users\jessica\documents\ooprogramming\probability\hatchprobability\hatchprobability\debug\main.obj
c:\users\jessica\documents\ooprogramming\probability\hatchprobability\hatchprobability\debug\probability.obj
c:\users\jessica\documents\ooprogramming\probability\hatchprobability\hatchprobability\debug\hatchprobability.vcxprojresolveassemblyreference.cache
c:\users\jessica\documents\ooprogramming\probability\hatchprobability\hatchprobability\debug\cl.command.1.tlog
c:\users\jessica\documents\ooprogramming\probability\hatchprobability\hatchprobability\debug\cl.read.1.tlog
c:\users\jessica\documents\ooprogramming\probability\hatchprobability\hatchprobability\debug\cl.write.1.tlog
c:\users\jessica\documents\ooprogramming\probability\hatchprobability\hatchprobability\debug\hatchprobability.write.1.tlog
c:\users\jessica\documents\ooprogramming\probability\hatchprobability\hatchprobability\debug\link.command.1.tlog
c:\users\jessica\documents\ooprogramming\probability\hatchprobability\hatchprobability\debug\link.read.1.tlog
c:\users\jessica\documents\ooprogramming\probability\hatchprobability\hatchprobability\debug\link.write.1.tlog
c:\users\jessica\documents\ooprogramming\probability\hatchprobability\hatchprobability\debug\mt.command.1.tlog
c:\users\jessica\documents\ooprogramming\probability\hatchprobability\hatchprobability\debug\mt.read.1.tlog
c:\users\jessica\documents\ooprogramming\probability\hatchprobability\hatchprobability\debug\mt.write.1.tlog
c:\users\jessica\documents\ooprogramming\probability\hatchprobability\hatchprobability\debug\hatchprobability.exe.intermediate.manifest
c:\users\jessica\documents\ooprogramming\probability\hatchprobability\hatchprobability\debug\vc100.idb
c:\users\jessica\documents\ooprogramming\probability\hatchprobability\hatchprobability\debug\vc100.pdb
c:\users\jessica\documents\ooprogramming\probability\hatchprobability\debug\hatchprobability.pdb
c:\users\jessica\documents\ooprogramming\probability\hatchprobability\hatchprobability\debug\hatchprobability.tlog\cl.command.1.tlog
c:\users\jessica\documents\ooprogramming\probability\hatchprobability\hatchprobability\debug\hatchprobability.tlog\cl.read.1.tlog
c:\users\jessica\documents\ooprogramming\probability\hatchprobability\hatchprobability\debug\hatchprobability.tlog\cl.write.1.tlog
c:\users\jessica\documents\ooprogramming\probability\hatchprobability\hatchprobability\debug\hatchprobability.tlog\link-cvtres.read.1.tlog
c:\users\jessica\documents\ooprogramming\probability\hatchprobability\hatchprobability\debug\hatchprobability.tlog\link-cvtres.write.1.tlog
c:\users\jessica\documents\ooprogramming\probability\hatchprobability\hatchprobability\debug\hatchprobability.tlog\link-rc.read.1.tlog
c:\users\jessica\documents\ooprogramming\probability\hatchprobability\hatchprobability\debug\hatchprobability.tlog\link-rc.write.1.tlog
c:\users\jessica\documents\ooprogramming\probability\hatchprobability\hatchprobability\debug\hatchprobability.tlog\link.command.1.tlog
c:\users\jessica\documents\ooprogramming\probability\hatchprobability\hatchprobability\debug\hatchprobability.tlog\link.read.1.tlog
c:\users\jessica\documents\ooprogramming\probability\hatchprobability\hatchprobability\debug\hatchprobability.tlog\link.write.1.tlog
